2019-11-18 16:19:08,977              ERROR   :execute failed: insert into bandcard values %s,%s,%s;
2019-11-18 16:19:08,977              ERROR   :params: [(0, 100), (0, 200), (0, 300)]
2019-11-18 16:19:08,977              INFO    :²Ù×÷Ê§°Ü
2019-11-18 16:52:54,687              ERROR   :execute failed: insert into PACK1(time,component1,component2,component3,success) values(Now(),1,1,1,0)
2019-11-18 16:52:54,687              ERROR   :params: None
2019-11-18 19:02:47,000              ERROR   :execute failed: insert into PACK1(data,component1,component2,component3,success) values(Now(),1111)
2019-11-18 19:02:47,000              ERROR   :params: None
2019-11-18 19:03:03,221              ERROR   :execute failed: insert into PACK1(data,component1,component2,component3,success) values(Now(),1111)
2019-11-18 19:03:03,222              ERROR   :params: None
2020-05-09 14:30:15,022              ERROR   :execute failed: insert into PACK1(data,component1,component2,component3,success) values(Now(),1,1,1,0)1,1,1,1)
2020-05-09 14:30:15,022              ERROR   :params: None
2020-05-09 14:31:04,408              ERROR   :execute failed: insert into PACK1(data,component1,component2,component3,success) values(Now(),1,1,1,0)1,1,1,1)
2020-05-09 14:31:04,408              ERROR   :params: None
2020-05-09 14:31:22,929              ERROR   :execute failed: insert into PACK1(data,component1,component2,component3,success) values(Now(),1,1,1,0)1,1,1,1)
2020-05-09 14:31:22,929              ERROR   :params: None
2020-05-09 14:31:57,151              ERROR   :execute failed: insert into PACK1(data,component1,component2,component3,success) values(Now(),1,1,1,0)1,1,1,1)
2020-05-09 14:31:57,151              ERROR   :params: None
2020-05-09 14:43:44,109              ERROR   :execute failed: insert into PACK1(data,component1,component2,component3,success) values(Now(),1,1,1,0)1,1,1,1)
2020-05-09 14:43:44,109              ERROR   :params: None
2020-05-09 14:44:08,789              ERROR   :execute failed: insert into PACK1(data,component1,component2,component3,success) values(Now(),1,1,1,0)1,1,1,1)
2020-05-09 14:44:08,789              ERROR   :params: None
2020-05-09 14:47:13,717              ERROR   :execute failed: insert into PACK1(data,component1,component2,component3,success) values(Now(),1,1,1,0)1,1,1,1)
2020-05-09 14:47:13,717              ERROR   :params: None
2020-05-09 14:47:36,830              ERROR   :execute failed: insert into PACK1(data,component1,component2,component3,success) values(Now(),1,1,1,0)1,1,1,1)
2020-05-09 14:47:36,830              ERROR   :params: None
2020-05-09 14:48:58,656              ERROR   :execute failed: insert into PACK1(data,component1,component2,component3,success) values(Now(),1,1,1,0)1,1,1,1)
2020-05-09 14:48:58,656              ERROR   :params: None
2020-05-10 17:28:50,776              ERROR   :execute failed: insert into PACK1(data,component1,component2,component3,success) values(Now(),1,1,1,0)1,1,1,1)
2020-05-10 17:28:50,787              ERROR   :params: None
2020-05-10 17:29:09,379              ERROR   :execute failed: insert into PACK1(data,component1,component2,component3,success) values(Now(),1,1,1,0)1,1,1,1)
2020-05-10 17:29:09,379              ERROR   :params: None
2020-05-12 09:52:03,852              ERROR   :execute failed: insert into PACK1(data,component1,component2,component3,success) values(Now(),1,1,1,0)1,1,1,1)
2020-05-12 09:52:03,852              ERROR   :params: None
2020-05-12 11:53:25,195              ERROR   :execute failed: insert into PACK1(date,component1,component2,component3,success) values(Now(),1,1,1,0)1,1,1,1)
2020-05-12 11:53:25,195              ERROR   :params: None
2020-05-14 18:28:57,970              ERROR   :execute failed: insert into PACK1(date,component1,component2,component3,success) values(Now(),1,1,1,0)1,1,1,1)
2020-05-14 18:28:57,978              ERROR   :params: None
